<?xml version="1.0" encoding="UTF-8"?>
<!-- Generated by org.testng.reporters.JUnitReportReporter -->
<testsuite hostname="DESKTOP-4MKSC1R" failures="0" tests="2" name="batchexecution.Sanity" time="0.011" errors="0" timestamp="2024-09-25T10:40:29 IST" skipped="0">
  <testcase classname="batchexecution.Sanity" name="test1" time="0.003"/>
  <testcase classname="batchexecution.Sanity" name="test" time="0.008"/>
</testsuite> <!-- batchexecution.Sanity -->
