<?xml version="1.0" encoding="UTF-8"?>
<!-- Generated by org.testng.reporters.JUnitReportReporter -->
<testsuite hostname="DESKTOP-4MKSC1R" failures="0" tests="2" name="dataprovider.Runner" time="34.357" errors="0" timestamp="2024-09-25T12:43:57 IST" skipped="0">
  <testcase classname="dataprovider.Runner" name="login" time="16.026"/>
  <testcase classname="dataprovider.Runner" name="login" time="18.331"/>
</testsuite> <!-- dataprovider.Runner -->
