<?xml version="1.0" encoding="UTF-8"?>
<!-- Generated by org.testng.reporters.JUnitReportReporter -->
<testsuite hostname="DESKTOP-4MKSC1R" failures="0" tests="1" name="sample.Demo" time="2.098" errors="0" timestamp="2024-09-19T13:45:27 IST" skipped="0">
  <testcase classname="sample.Demo" name="test" time="2.098"/>
</testsuite> <!-- sample.Demo -->
